mode: set
github.com/venicegeo/pz-gocommon/gocommon/VcapApplication.go:65.76,71.15 4 1
github.com/venicegeo/pz-gocommon/gocommon/VcapApplication.go:99.2,99.18 1 1
github.com/venicegeo/pz-gocommon/gocommon/VcapApplication.go:71.15,76.17 3 1
github.com/venicegeo/pz-gocommon/gocommon/VcapApplication.go:80.3,81.16 2 1
github.com/venicegeo/pz-gocommon/gocommon/VcapApplication.go:85.3,90.16 4 1
github.com/venicegeo/pz-gocommon/gocommon/VcapApplication.go:93.3,93.27 1 1
github.com/venicegeo/pz-gocommon/gocommon/VcapApplication.go:76.17,78.4 1 0
github.com/venicegeo/pz-gocommon/gocommon/VcapApplication.go:81.16,83.4 1 0
github.com/venicegeo/pz-gocommon/gocommon/VcapApplication.go:90.16,92.4 1 0
github.com/venicegeo/pz-gocommon/gocommon/VcapApplication.go:95.3,97.3 1 1
github.com/venicegeo/pz-gocommon/gocommon/VcapApplication.go:102.72,104.9 2 1
github.com/venicegeo/pz-gocommon/gocommon/VcapApplication.go:107.2,112.3 1 1
github.com/venicegeo/pz-gocommon/gocommon/VcapApplication.go:104.9,106.3 1 0
github.com/venicegeo/pz-gocommon/gocommon/VcapApplication.go:115.50,117.2 1 1
github.com/venicegeo/pz-gocommon/gocommon/VcapApplication.go:119.52,121.2 1 1
github.com/venicegeo/pz-gocommon/gocommon/VcapApplication.go:123.53,125.2 1 1
github.com/venicegeo/pz-gocommon/gocommon/VcapApplication.go:127.49,129.2 1 1
github.com/venicegeo/pz-gocommon/gocommon/nt.go:32.40,34.2 1 0
github.com/venicegeo/pz-gocommon/gocommon/nt.go:35.67,38.2 2 0
github.com/venicegeo/pz-gocommon/gocommon/nt.go:39.86,43.2 3 0
github.com/venicegeo/pz-gocommon/gocommon/nt.go:44.75,47.2 2 0
github.com/venicegeo/pz-gocommon/gocommon/nt.go:48.55,50.2 1 0
github.com/venicegeo/pz-gocommon/gocommon/nt.go:51.109,52.79 1 0
github.com/venicegeo/pz-gocommon/gocommon/nt.go:55.2,56.16 2 0
github.com/venicegeo/pz-gocommon/gocommon/nt.go:59.2,59.28 1 0
github.com/venicegeo/pz-gocommon/gocommon/nt.go:62.2,64.16 3 0
github.com/venicegeo/pz-gocommon/gocommon/nt.go:67.2,69.16 3 0
github.com/venicegeo/pz-gocommon/gocommon/nt.go:72.2,72.56 1 0
github.com/venicegeo/pz-gocommon/gocommon/nt.go:52.79,54.3 1 0
github.com/venicegeo/pz-gocommon/gocommon/nt.go:56.16,58.3 1 0
github.com/venicegeo/pz-gocommon/gocommon/nt.go:59.28,61.3 1 0
github.com/venicegeo/pz-gocommon/gocommon/nt.go:64.16,66.3 1 0
github.com/venicegeo/pz-gocommon/gocommon/nt.go:69.16,71.3 1 0
github.com/venicegeo/pz-gocommon/gocommon/nt.go:89.62,95.2 5 0
github.com/venicegeo/pz-gocommon/gocommon/nt.go:96.66,98.2 1 0
github.com/venicegeo/pz-gocommon/gocommon/SystemConfig.go:107.57,114.16 4 1
github.com/venicegeo/pz-gocommon/gocommon/SystemConfig.go:118.2,119.16 2 1
github.com/venicegeo/pz-gocommon/gocommon/SystemConfig.go:123.2,123.32 1 1
github.com/venicegeo/pz-gocommon/gocommon/SystemConfig.go:129.2,129.31 1 1
github.com/venicegeo/pz-gocommon/gocommon/SystemConfig.go:136.2,137.21 2 1
github.com/venicegeo/pz-gocommon/gocommon/SystemConfig.go:142.2,149.16 5 1
github.com/venicegeo/pz-gocommon/gocommon/SystemConfig.go:153.2,154.16 2 1
github.com/venicegeo/pz-gocommon/gocommon/SystemConfig.go:158.2,158.17 1 1
github.com/venicegeo/pz-gocommon/gocommon/SystemConfig.go:114.16,116.3 1 0
github.com/venicegeo/pz-gocommon/gocommon/SystemConfig.go:119.16,121.3 1 0
github.com/venicegeo/pz-gocommon/gocommon/SystemConfig.go:123.32,125.3 1 1
github.com/venicegeo/pz-gocommon/gocommon/SystemConfig.go:125.3,127.3 1 0
github.com/venicegeo/pz-gocommon/gocommon/SystemConfig.go:129.31,131.42 2 1
github.com/venicegeo/pz-gocommon/gocommon/SystemConfig.go:131.42,133.4 1 1
github.com/venicegeo/pz-gocommon/gocommon/SystemConfig.go:137.21,139.3 1 1
github.com/venicegeo/pz-gocommon/gocommon/SystemConfig.go:149.16,151.3 1 0
github.com/venicegeo/pz-gocommon/gocommon/SystemConfig.go:154.16,156.3 1 0
github.com/venicegeo/pz-gocommon/gocommon/SystemConfig.go:161.78,163.36 1 1
github.com/venicegeo/pz-gocommon/gocommon/SystemConfig.go:192.2,192.12 1 1
github.com/venicegeo/pz-gocommon/gocommon/SystemConfig.go:163.36,165.23 1 0
github.com/venicegeo/pz-gocommon/gocommon/SystemConfig.go:165.23,169.4 1 0
github.com/venicegeo/pz-gocommon/gocommon/SystemConfig.go:169.4,170.56 1 0
github.com/venicegeo/pz-gocommon/gocommon/SystemConfig.go:170.56,175.5 1 0
github.com/venicegeo/pz-gocommon/gocommon/SystemConfig.go:175.5,179.5 1 0
github.com/venicegeo/pz-gocommon/gocommon/SystemConfig.go:195.50,197.40 1 1
github.com/venicegeo/pz-gocommon/gocommon/SystemConfig.go:222.2,222.12 1 1
github.com/venicegeo/pz-gocommon/gocommon/SystemConfig.go:197.40,198.42 1 0
github.com/venicegeo/pz-gocommon/gocommon/SystemConfig.go:202.3,206.17 3 0
github.com/venicegeo/pz-gocommon/gocommon/SystemConfig.go:211.3,212.39 2 0
github.com/venicegeo/pz-gocommon/gocommon/SystemConfig.go:198.42,199.12 1 0
github.com/venicegeo/pz-gocommon/gocommon/SystemConfig.go:206.17,210.4 2 0
github.com/venicegeo/pz-gocommon/gocommon/SystemConfig.go:212.39,216.4 2 0
github.com/venicegeo/pz-gocommon/gocommon/SystemConfig.go:226.71,228.2 1 1
github.com/venicegeo/pz-gocommon/gocommon/SystemConfig.go:230.71,232.9 2 1
github.com/venicegeo/pz-gocommon/gocommon/SystemConfig.go:236.2,236.18 1 1
github.com/venicegeo/pz-gocommon/gocommon/SystemConfig.go:232.9,234.3 1 0
github.com/venicegeo/pz-gocommon/gocommon/SystemConfig.go:239.67,241.16 2 1
github.com/venicegeo/pz-gocommon/gocommon/SystemConfig.go:245.2,247.17 2 1
github.com/venicegeo/pz-gocommon/gocommon/SystemConfig.go:241.16,243.3 1 0
github.com/venicegeo/pz-gocommon/gocommon/SystemConfig.go:250.45,252.2 1 1
github.com/venicegeo/pz-gocommon/gocommon/SystemConfig.go:254.65,256.16 2 0
github.com/venicegeo/pz-gocommon/gocommon/SystemConfig.go:260.2,261.12 2 0
github.com/venicegeo/pz-gocommon/gocommon/SystemConfig.go:256.16,258.3 1 0
github.com/venicegeo/pz-gocommon/gocommon/SystemConfig.go:264.90,269.6 3 1
github.com/venicegeo/pz-gocommon/gocommon/SystemConfig.go:269.6,271.53 2 1
github.com/venicegeo/pz-gocommon/gocommon/SystemConfig.go:276.3,276.30 1 0
github.com/venicegeo/pz-gocommon/gocommon/SystemConfig.go:279.3,280.24 2 0
github.com/venicegeo/pz-gocommon/gocommon/SystemConfig.go:271.53,275.4 2 1
github.com/venicegeo/pz-gocommon/gocommon/SystemConfig.go:276.30,278.4 1 0
github.com/venicegeo/pz-gocommon/gocommon/SystemConfig.go:285.70,287.16 2 0
github.com/venicegeo/pz-gocommon/gocommon/SystemConfig.go:291.2,292.12 2 0
github.com/venicegeo/pz-gocommon/gocommon/SystemConfig.go:287.16,289.3 1 0
github.com/venicegeo/pz-gocommon/gocommon/SystemConfig.go:295.95,300.6 3 1
github.com/venicegeo/pz-gocommon/gocommon/SystemConfig.go:300.6,302.17 2 1
github.com/venicegeo/pz-gocommon/gocommon/SystemConfig.go:305.3,306.30 2 1
github.com/venicegeo/pz-gocommon/gocommon/SystemConfig.go:309.3,310.24 2 1
github.com/venicegeo/pz-gocommon/gocommon/SystemConfig.go:302.17,304.4 1 1
github.com/venicegeo/pz-gocommon/gocommon/SystemConfig.go:306.30,308.4 1 0
github.com/venicegeo/pz-gocommon/gocommon/HttpQueryParams.go:40.61,43.40 2 1
github.com/venicegeo/pz-gocommon/gocommon/HttpQueryParams.go:46.2,46.16 1 1
github.com/venicegeo/pz-gocommon/gocommon/HttpQueryParams.go:43.40,45.3 1 1
github.com/venicegeo/pz-gocommon/gocommon/HttpQueryParams.go:50.68,51.23 1 1
github.com/venicegeo/pz-gocommon/gocommon/HttpQueryParams.go:54.2,54.25 1 1
github.com/venicegeo/pz-gocommon/gocommon/HttpQueryParams.go:51.23,53.3 1 0
github.com/venicegeo/pz-gocommon/gocommon/HttpQueryParams.go:58.69,59.23 1 1
github.com/venicegeo/pz-gocommon/gocommon/HttpQueryParams.go:62.2,62.46 1 1
github.com/venicegeo/pz-gocommon/gocommon/HttpQueryParams.go:59.23,61.3 1 0
github.com/venicegeo/pz-gocommon/gocommon/HttpQueryParams.go:66.78,67.15 1 1
github.com/venicegeo/pz-gocommon/gocommon/HttpQueryParams.go:71.2,72.24 2 1
github.com/venicegeo/pz-gocommon/gocommon/HttpQueryParams.go:76.2,77.16 2 1
github.com/venicegeo/pz-gocommon/gocommon/HttpQueryParams.go:81.2,81.15 1 1
github.com/venicegeo/pz-gocommon/gocommon/HttpQueryParams.go:67.15,69.3 1 0
github.com/venicegeo/pz-gocommon/gocommon/HttpQueryParams.go:72.24,74.3 1 1
github.com/venicegeo/pz-gocommon/gocommon/HttpQueryParams.go:77.16,79.3 1 0
github.com/venicegeo/pz-gocommon/gocommon/HttpQueryParams.go:86.82,89.2 2 1
github.com/venicegeo/pz-gocommon/gocommon/HttpQueryParams.go:92.87,93.15 1 1
github.com/venicegeo/pz-gocommon/gocommon/HttpQueryParams.go:97.2,98.24 2 1
github.com/venicegeo/pz-gocommon/gocommon/HttpQueryParams.go:102.2,103.15 2 1
github.com/venicegeo/pz-gocommon/gocommon/HttpQueryParams.go:93.15,95.3 1 0
github.com/venicegeo/pz-gocommon/gocommon/HttpQueryParams.go:98.24,100.3 1 1
github.com/venicegeo/pz-gocommon/gocommon/HttpQueryParams.go:108.96,109.15 1 1
github.com/venicegeo/pz-gocommon/gocommon/HttpQueryParams.go:113.2,114.24 2 1
github.com/venicegeo/pz-gocommon/gocommon/HttpQueryParams.go:118.2,119.32 2 1
github.com/venicegeo/pz-gocommon/gocommon/HttpQueryParams.go:130.2,130.19 1 1
github.com/venicegeo/pz-gocommon/gocommon/HttpQueryParams.go:109.15,111.3 1 0
github.com/venicegeo/pz-gocommon/gocommon/HttpQueryParams.go:114.24,116.3 1 1
github.com/venicegeo/pz-gocommon/gocommon/HttpQueryParams.go:120.2,121.30 1 0
github.com/venicegeo/pz-gocommon/gocommon/HttpQueryParams.go:122.2,123.29 1 1
github.com/venicegeo/pz-gocommon/gocommon/HttpQueryParams.go:124.2,127.33 3 0
github.com/venicegeo/pz-gocommon/gocommon/HttpQueryParams.go:135.91,136.15 1 1
github.com/venicegeo/pz-gocommon/gocommon/HttpQueryParams.go:140.2,141.24 2 1
github.com/venicegeo/pz-gocommon/gocommon/HttpQueryParams.go:145.2,146.16 2 1
github.com/venicegeo/pz-gocommon/gocommon/HttpQueryParams.go:150.2,150.15 1 1
github.com/venicegeo/pz-gocommon/gocommon/HttpQueryParams.go:136.15,138.3 1 0
github.com/venicegeo/pz-gocommon/gocommon/HttpQueryParams.go:141.24,143.3 1 0
github.com/venicegeo/pz-gocommon/gocommon/HttpQueryParams.go:146.16,148.3 1 0
github.com/venicegeo/pz-gocommon/gocommon/HttpQueryParams.go:154.78,156.2 1 1
github.com/venicegeo/pz-gocommon/gocommon/HttpQueryParams.go:159.79,161.2 1 1
github.com/venicegeo/pz-gocommon/gocommon/HttpQueryParams.go:164.66,166.2 1 1
github.com/venicegeo/pz-gocommon/gocommon/HttpQueryParams.go:169.82,171.2 1 1
github.com/venicegeo/pz-gocommon/gocommon/HttpQueryParams.go:174.65,176.2 1 1
github.com/venicegeo/pz-gocommon/gocommon/HttpQueryParams.go:179.68,181.2 1 1
github.com/venicegeo/pz-gocommon/gocommon/HttpQueryParams.go:184.73,186.2 1 1
github.com/venicegeo/pz-gocommon/gocommon/HttpQueryParams.go:189.48,191.40 1 1
github.com/venicegeo/pz-gocommon/gocommon/HttpQueryParams.go:195.2,197.37 2 1
github.com/venicegeo/pz-gocommon/gocommon/HttpQueryParams.go:203.2,203.10 1 1
github.com/venicegeo/pz-gocommon/gocommon/HttpQueryParams.go:191.40,193.3 1 0
github.com/venicegeo/pz-gocommon/gocommon/HttpQueryParams.go:197.37,198.14 1 1
github.com/venicegeo/pz-gocommon/gocommon/HttpQueryParams.go:201.3,201.40 1 1
github.com/venicegeo/pz-gocommon/gocommon/HttpQueryParams.go:198.14,200.4 1 1
github.com/venicegeo/pz-gocommon/gocommon/JsonPagination.go:50.74,55.16 3 1
github.com/venicegeo/pz-gocommon/gocommon/JsonPagination.go:58.2,61.16 3 1
github.com/venicegeo/pz-gocommon/gocommon/JsonPagination.go:64.2,67.16 3 1
github.com/venicegeo/pz-gocommon/gocommon/JsonPagination.go:70.2,73.16 3 1
github.com/venicegeo/pz-gocommon/gocommon/JsonPagination.go:76.2,78.16 2 1
github.com/venicegeo/pz-gocommon/gocommon/JsonPagination.go:55.16,57.3 1 0
github.com/venicegeo/pz-gocommon/gocommon/JsonPagination.go:61.16,63.3 1 0
github.com/venicegeo/pz-gocommon/gocommon/JsonPagination.go:67.16,69.3 1 0
github.com/venicegeo/pz-gocommon/gocommon/JsonPagination.go:73.16,75.3 1 0
github.com/venicegeo/pz-gocommon/gocommon/JsonPagination.go:82.43,84.2 1 1
github.com/venicegeo/pz-gocommon/gocommon/JsonPagination.go:87.41,89.2 1 1
github.com/venicegeo/pz-gocommon/gocommon/JsonPagination.go:92.42,96.2 2 1
github.com/venicegeo/pz-gocommon/gocommon/JsonResponse.go:34.33,36.2 1 1
github.com/venicegeo/pz-gocommon/gocommon/JsonResponse.go:73.13,79.2 4 1
github.com/venicegeo/pz-gocommon/gocommon/JsonResponse.go:81.43,85.2 2 1
github.com/venicegeo/pz-gocommon/gocommon/JsonResponse.go:87.42,89.2 1 1
github.com/venicegeo/pz-gocommon/gocommon/JsonResponse.go:91.43,92.21 1 1
github.com/venicegeo/pz-gocommon/gocommon/JsonResponse.go:95.2,96.22 2 1
github.com/venicegeo/pz-gocommon/gocommon/JsonResponse.go:92.21,94.3 1 0
github.com/venicegeo/pz-gocommon/gocommon/JsonResponse.go:99.50,101.2 1 1
github.com/venicegeo/pz-gocommon/gocommon/JsonResponse.go:103.43,104.22 1 1
github.com/venicegeo/pz-gocommon/gocommon/JsonResponse.go:109.2,111.9 3 1
github.com/venicegeo/pz-gocommon/gocommon/JsonResponse.go:115.2,116.12 2 1
github.com/venicegeo/pz-gocommon/gocommon/JsonResponse.go:104.22,107.3 2 0
github.com/venicegeo/pz-gocommon/gocommon/JsonResponse.go:111.9,114.3 2 0
github.com/venicegeo/pz-gocommon/gocommon/JsonResponse.go:122.65,124.16 2 1
github.com/venicegeo/pz-gocommon/gocommon/JsonResponse.go:128.2,129.12 2 1
github.com/venicegeo/pz-gocommon/gocommon/JsonResponse.go:124.16,126.3 1 0
github.com/venicegeo/pz-gocommon/gocommon/VcapServices.go:86.47,92.15 4 1
github.com/venicegeo/pz-gocommon/gocommon/VcapServices.go:106.2,108.49 2 1
github.com/venicegeo/pz-gocommon/gocommon/VcapServices.go:115.2,115.18 1 1
github.com/venicegeo/pz-gocommon/gocommon/VcapServices.go:92.15,98.17 3 1
github.com/venicegeo/pz-gocommon/gocommon/VcapServices.go:98.17,100.4 1 0
github.com/venicegeo/pz-gocommon/gocommon/VcapServices.go:102.3,104.3 1 1
github.com/venicegeo/pz-gocommon/gocommon/VcapServices.go:108.49,113.3 3 1
github.com/venicegeo/pz-gocommon/gocommon/http.go:39.91,40.19 1 1
github.com/venicegeo/pz-gocommon/gocommon/http.go:44.2,44.28 1 1
github.com/venicegeo/pz-gocommon/gocommon/http.go:49.2,49.29 1 1
github.com/venicegeo/pz-gocommon/gocommon/http.go:53.2,53.15 1 1
github.com/venicegeo/pz-gocommon/gocommon/http.go:57.2,58.16 2 1
github.com/venicegeo/pz-gocommon/gocommon/http.go:62.2,63.12 2 1
github.com/venicegeo/pz-gocommon/gocommon/http.go:40.19,42.3 1 1
github.com/venicegeo/pz-gocommon/gocommon/http.go:44.28,46.3 0 1
github.com/venicegeo/pz-gocommon/gocommon/http.go:49.29,51.3 0 0
github.com/venicegeo/pz-gocommon/gocommon/http.go:53.15,55.3 1 1
github.com/venicegeo/pz-gocommon/gocommon/http.go:58.16,60.3 1 0
github.com/venicegeo/pz-gocommon/gocommon/http.go:66.76,67.18 1 1
github.com/venicegeo/pz-gocommon/gocommon/http.go:71.2,72.16 2 1
github.com/venicegeo/pz-gocommon/gocommon/http.go:76.2,77.20 2 1
github.com/venicegeo/pz-gocommon/gocommon/http.go:67.18,69.3 1 1
github.com/venicegeo/pz-gocommon/gocommon/http.go:72.16,74.3 1 0
github.com/venicegeo/pz-gocommon/gocommon/http.go:80.53,81.16 1 1
github.com/venicegeo/pz-gocommon/gocommon/http.go:85.2,86.16 2 1
github.com/venicegeo/pz-gocommon/gocommon/http.go:89.2,89.21 1 1
github.com/venicegeo/pz-gocommon/gocommon/http.go:81.16,83.3 1 1
github.com/venicegeo/pz-gocommon/gocommon/http.go:86.16,88.3 1 0
github.com/venicegeo/pz-gocommon/gocommon/http.go:92.70,93.24 1 1
github.com/venicegeo/pz-gocommon/gocommon/http.go:93.24,96.3 2 1
github.com/venicegeo/pz-gocommon/gocommon/http.go:99.62,100.25 1 1
github.com/venicegeo/pz-gocommon/gocommon/http.go:100.25,103.3 2 1
github.com/venicegeo/pz-gocommon/gocommon/http.go:106.93,108.16 2 1
github.com/venicegeo/pz-gocommon/gocommon/http.go:111.2,112.20 2 1
github.com/venicegeo/pz-gocommon/gocommon/http.go:116.2,118.16 3 1
github.com/venicegeo/pz-gocommon/gocommon/http.go:122.2,122.18 1 1
github.com/venicegeo/pz-gocommon/gocommon/http.go:108.16,110.3 1 0
github.com/venicegeo/pz-gocommon/gocommon/http.go:112.20,114.3 1 0
github.com/venicegeo/pz-gocommon/gocommon/http.go:118.16,120.3 1 0
github.com/venicegeo/pz-gocommon/gocommon/http.go:125.105,129.16 3 1
github.com/venicegeo/pz-gocommon/gocommon/http.go:133.2,136.16 3 1
github.com/venicegeo/pz-gocommon/gocommon/http.go:139.2,141.16 3 1
github.com/venicegeo/pz-gocommon/gocommon/http.go:146.2,148.29 2 1
github.com/venicegeo/pz-gocommon/gocommon/http.go:129.16,131.3 1 0
github.com/venicegeo/pz-gocommon/gocommon/http.go:136.16,138.3 1 0
github.com/venicegeo/pz-gocommon/gocommon/http.go:141.16,144.3 2 1
github.com/venicegeo/pz-gocommon/gocommon/http.go:158.70,160.2 1 1
github.com/venicegeo/pz-gocommon/gocommon/http.go:162.90,164.2 1 0
github.com/venicegeo/pz-gocommon/gocommon/http.go:167.90,169.2 1 1
github.com/venicegeo/pz-gocommon/gocommon/http.go:172.89,174.2 1 1
github.com/venicegeo/pz-gocommon/gocommon/http.go:177.53,179.2 1 1
github.com/venicegeo/pz-gocommon/gocommon/http.go:182.103,184.2 1 0
github.com/venicegeo/pz-gocommon/gocommon/http.go:192.53,196.16 3 1
github.com/venicegeo/pz-gocommon/gocommon/http.go:200.2,202.15 2 1
github.com/venicegeo/pz-gocommon/gocommon/http.go:196.16,198.3 1 0
github.com/venicegeo/pz-gocommon/gocommon/http.go:205.73,209.16 3 0
github.com/venicegeo/pz-gocommon/gocommon/http.go:213.2,215.15 2 0
github.com/venicegeo/pz-gocommon/gocommon/http.go:209.16,211.3 1 0
github.com/venicegeo/pz-gocommon/gocommon/http.go:218.87,222.11 3 1
github.com/venicegeo/pz-gocommon/gocommon/http.go:226.2,227.16 2 1
github.com/venicegeo/pz-gocommon/gocommon/http.go:231.2,233.15 2 1
github.com/venicegeo/pz-gocommon/gocommon/http.go:222.11,224.3 1 1
github.com/venicegeo/pz-gocommon/gocommon/http.go:227.16,229.3 1 0
github.com/venicegeo/pz-gocommon/gocommon/http.go:236.73,238.2 1 1
github.com/venicegeo/pz-gocommon/gocommon/http.go:240.72,242.2 1 1
github.com/venicegeo/pz-gocommon/gocommon/http.go:244.56,246.16 2 1
github.com/venicegeo/pz-gocommon/gocommon/http.go:250.2,250.40 1 1
github.com/venicegeo/pz-gocommon/gocommon/http.go:246.16,248.3 1 0
github.com/venicegeo/pz-gocommon/gocommon/http.go:255.59,259.2 3 0
github.com/venicegeo/pz-gocommon/gocommon/http.go:261.45,264.2 2 0
github.com/venicegeo/pz-gocommon/gocommon/http_utils.go:44.86,46.16 2 1
github.com/venicegeo/pz-gocommon/gocommon/http_utils.go:50.2,52.23 3 1
github.com/venicegeo/pz-gocommon/gocommon/http_utils.go:46.16,48.3 1 0
github.com/venicegeo/pz-gocommon/gocommon/http_utils.go:56.53,58.16 2 1
github.com/venicegeo/pz-gocommon/gocommon/http_utils.go:62.2,63.23 2 1
github.com/venicegeo/pz-gocommon/gocommon/http_utils.go:58.16,60.3 1 0
github.com/venicegeo/pz-gocommon/gocommon/http_utils.go:68.56,70.16 2 1
github.com/venicegeo/pz-gocommon/gocommon/http_utils.go:73.2,73.47 1 1
github.com/venicegeo/pz-gocommon/gocommon/http_utils.go:70.16,72.3 1 0
github.com/venicegeo/pz-gocommon/gocommon/http_utils.go:87.49,89.36 1 1
github.com/venicegeo/pz-gocommon/gocommon/http_utils.go:96.2,97.15 2 1
github.com/venicegeo/pz-gocommon/gocommon/http_utils.go:102.2,103.16 2 1
github.com/venicegeo/pz-gocommon/gocommon/http_utils.go:107.2,108.23 2 1
github.com/venicegeo/pz-gocommon/gocommon/http_utils.go:112.2,113.16 2 1
github.com/venicegeo/pz-gocommon/gocommon/http_utils.go:117.2,119.16 3 1
github.com/venicegeo/pz-gocommon/gocommon/http_utils.go:123.2,124.9 2 1
github.com/venicegeo/pz-gocommon/gocommon/http_utils.go:128.2,128.17 1 1
github.com/venicegeo/pz-gocommon/gocommon/http_utils.go:89.36,90.47 1 1
github.com/venicegeo/pz-gocommon/gocommon/http_utils.go:93.3,93.14 1 1
github.com/venicegeo/pz-gocommon/gocommon/http_utils.go:90.47,92.4 1 0
github.com/venicegeo/pz-gocommon/gocommon/http_utils.go:97.15,100.3 2 1
github.com/venicegeo/pz-gocommon/gocommon/http_utils.go:103.16,105.3 1 0
github.com/venicegeo/pz-gocommon/gocommon/http_utils.go:108.23,110.3 1 0
github.com/venicegeo/pz-gocommon/gocommon/http_utils.go:113.16,115.3 1 0
github.com/venicegeo/pz-gocommon/gocommon/http_utils.go:119.16,121.3 1 0
github.com/venicegeo/pz-gocommon/gocommon/http_utils.go:124.9,126.3 1 1
github.com/venicegeo/pz-gocommon/gocommon/http_utils.go:132.37,134.20 2 1
github.com/venicegeo/pz-gocommon/gocommon/http_utils.go:137.2,137.22 1 1
github.com/venicegeo/pz-gocommon/gocommon/http_utils.go:134.20,136.3 1 1
github.com/venicegeo/pz-gocommon/gocommon/util.go:25.64,31.2 5 1
github.com/venicegeo/pz-gocommon/gocommon/util.go:32.64,35.2 2 1
github.com/venicegeo/pz-gocommon/gocommon/util.go:37.75,39.9 2 1
github.com/venicegeo/pz-gocommon/gocommon/util.go:42.2,42.82 1 1
github.com/venicegeo/pz-gocommon/gocommon/util.go:39.9,41.3 1 0
github.com/venicegeo/pz-gocommon/gocommon/util.go:44.129,45.29 1 1
github.com/venicegeo/pz-gocommon/gocommon/util.go:63.2,63.12 1 1
github.com/venicegeo/pz-gocommon/gocommon/util.go:45.29,47.19 2 1
github.com/venicegeo/pz-gocommon/gocommon/util.go:59.3,59.13 1 1
github.com/venicegeo/pz-gocommon/gocommon/util.go:48.3,51.72 3 1
github.com/venicegeo/pz-gocommon/gocommon/util.go:52.3,54.35 2 1
github.com/venicegeo/pz-gocommon/gocommon/util.go:57.4,57.41 1 1
github.com/venicegeo/pz-gocommon/gocommon/util.go:54.35,56.5 1 1
github.com/venicegeo/pz-gocommon/gocommon/util.go:59.13,61.4 1 1
github.com/venicegeo/pz-gocommon/gocommon/util.go:66.48,69.2 2 1
github.com/venicegeo/pz-gocommon/gocommon/util.go:70.43,72.2 1 1
github.com/venicegeo/pz-gocommon/gocommon/util.go:73.42,74.39 1 1
github.com/venicegeo/pz-gocommon/gocommon/util.go:74.39,75.25 1 1
github.com/venicegeo/pz-gocommon/gocommon/util.go:78.3,78.11 1 1
github.com/venicegeo/pz-gocommon/gocommon/util.go:75.25,77.4 1 1
github.com/venicegeo/pz-gocommon/gocommon/util.go:81.57,83.2 1 1
github.com/venicegeo/pz-gocommon/gocommon/util.go:84.65,86.2 1 1
github.com/venicegeo/pz-gocommon/gocommon/GenericServer.go:47.43,51.16 3 1
github.com/venicegeo/pz-gocommon/gocommon/GenericServer.go:55.2,56.12 2 1
github.com/venicegeo/pz-gocommon/gocommon/GenericServer.go:51.16,53.3 1 0
github.com/venicegeo/pz-gocommon/gocommon/GenericServer.go:60.58,72.41 6 1
github.com/venicegeo/pz-gocommon/gocommon/GenericServer.go:81.2,81.12 1 1
github.com/venicegeo/pz-gocommon/gocommon/GenericServer.go:86.2,89.16 3 1
github.com/venicegeo/pz-gocommon/gocommon/GenericServer.go:93.2,97.18 3 1
github.com/venicegeo/pz-gocommon/gocommon/GenericServer.go:72.41,79.3 3 1
github.com/venicegeo/pz-gocommon/gocommon/GenericServer.go:81.12,84.3 2 1
github.com/venicegeo/pz-gocommon/gocommon/GenericServer.go:89.16,91.3 1 0
github.com/venicegeo/pz-gocommon/gocommon/GenericServer.go:101.69,109.33 3 1
github.com/venicegeo/pz-gocommon/gocommon/GenericServer.go:124.2,126.12 2 1
github.com/venicegeo/pz-gocommon/gocommon/GenericServer.go:109.33,110.20 1 1
github.com/venicegeo/pz-gocommon/gocommon/GenericServer.go:111.3,112.39 1 1
github.com/venicegeo/pz-gocommon/gocommon/GenericServer.go:113.3,114.40 1 1
github.com/venicegeo/pz-gocommon/gocommon/GenericServer.go:115.3,116.39 1 1
github.com/venicegeo/pz-gocommon/gocommon/GenericServer.go:117.3,118.42 1 1
github.com/venicegeo/pz-gocommon/gocommon/GenericServer.go:119.3,120.51 1 1
